2025-06-27 23:39:34.112 [main] INFO  com.trommelwirbel.App - Welcome to Trommelwirbel Laundromat Simulation!
2025-06-27 23:39:34.114 [main] INFO  com.trommelwirbel.App - This simulation will test different ExecutorService implementations
2025-06-27 23:39:34.114 [main] INFO  com.trommelwirbel.App - with 40 customers, 3 washing machines, and concurrent processing.
2025-06-27 23:39:34.115 [main] INFO  com.trommelwirbel.WashingSalon - Trommelwirbel initialized with 3 washing machines
2025-06-27 23:39:34.116 [main] INFO  com.trommelwirbel.WashingSalon - Starting Simulation
2025-06-27 23:39:34.117 [main] INFO  com.trommelwirbel.WashingSalon - 
=== Testing with CachedThreadPool ===
2025-06-27 23:39:34.119 [pool-1-thread-2] INFO  com.trommelwirbel.WashingSalon - Machine 1 started processing
2025-06-27 23:39:34.119 [pool-1-thread-4] INFO  com.trommelwirbel.WashingSalon - Machine 3 started processing
2025-06-27 23:39:34.119 [pool-1-thread-3] INFO  com.trommelwirbel.WashingSalon - Machine 2 started processing
2025-06-27 23:39:41.126 [pool-1-thread-1] INFO  com.trommelwirbel.WashingSalon - Customer K1 arrived with 1 loads. Queue: [K1]
2025-06-27 23:39:41.126 [pool-1-thread-4] INFO  com.trommelwirbel.WashingMachine - Machine 3 started washing for customer K1 (load 1/1)
2025-06-27 23:39:49.127 [pool-1-thread-1] INFO  com.trommelwirbel.WashingSalon - Customer K2 arrived with 1 loads. Queue: [K2]
2025-06-27 23:39:49.128 [pool-1-thread-2] INFO  com.trommelwirbel.WashingMachine - Machine 1 started washing for customer K2 (load 1/1)
2025-06-27 23:39:52.128 [pool-1-thread-4] INFO  com.trommelwirbel.WashingMachine - Machine 3 finished washing for customer K1 (remaining loads: 1)
2025-06-27 23:39:53.131 [pool-1-thread-4] INFO  com.trommelwirbel.WashingSalon - Customer K1 completed all 1 loads
2025-06-27 23:39:57.130 [pool-1-thread-1] INFO  com.trommelwirbel.WashingSalon - Customer K3 arrived with 1 loads. Queue: [K3]
2025-06-27 23:39:57.131 [pool-1-thread-4] INFO  com.trommelwirbel.WashingMachine - Machine 3 started washing for customer K3 (load 1/1)
2025-06-27 23:40:04.132 [pool-1-thread-2] INFO  com.trommelwirbel.WashingMachine - Machine 1 finished washing for customer K2 (remaining loads: 1)
2025-06-27 23:40:04.136 [pool-1-thread-1] INFO  com.trommelwirbel.WashingSalon - Customer K4 arrived with 1 loads. Queue: [K4]
2025-06-27 23:40:04.136 [pool-1-thread-3] INFO  com.trommelwirbel.WashingMachine - Machine 2 started washing for customer K4 (load 1/1)
2025-06-27 23:40:05.138 [pool-1-thread-2] INFO  com.trommelwirbel.WashingSalon - Customer K2 completed all 1 loads
2025-06-27 23:40:05.141 [pool-1-thread-1] INFO  com.trommelwirbel.WashingSalon - Customer K5 arrived with 4 loads. Queue: [K5]
2025-06-27 23:40:05.142 [pool-1-thread-2] INFO  com.trommelwirbel.WashingMachine - Machine 1 started washing for customer K5 (load 1/4)
2025-06-27 23:40:11.135 [pool-1-thread-4] INFO  com.trommelwirbel.WashingMachine - Machine 3 finished washing for customer K3 (remaining loads: 1)
2025-06-27 23:40:12.141 [pool-1-thread-4] INFO  com.trommelwirbel.WashingSalon - Customer K3 completed all 1 loads
2025-06-27 23:40:12.147 [pool-1-thread-1] INFO  com.trommelwirbel.WashingSalon - Customer K6 arrived with 2 loads. Queue: [K6]
2025-06-27 23:40:12.148 [pool-1-thread-4] INFO  com.trommelwirbel.WashingMachine - Machine 3 started washing for customer K6 (load 1/2)
2025-06-27 23:40:18.137 [pool-1-thread-3] INFO  com.trommelwirbel.WashingMachine - Machine 2 finished washing for customer K4 (remaining loads: 1)
2025-06-27 23:40:19.143 [pool-1-thread-3] INFO  com.trommelwirbel.WashingSalon - Customer K4 completed all 1 loads
2025-06-27 23:40:19.146 [pool-1-thread-2] INFO  com.trommelwirbel.WashingMachine - Machine 1 finished washing for customer K5 (remaining loads: 4)
2025-06-27 23:40:20.148 [pool-1-thread-2] INFO  com.trommelwirbel.WashingMachine - Machine 1 started washing for customer K5 (load 2/4)
2025-06-27 23:40:20.151 [pool-1-thread-1] INFO  com.trommelwirbel.WashingSalon - Customer K7 arrived with 5 loads. Queue: [K7]
2025-06-27 23:40:20.153 [pool-1-thread-3] INFO  com.trommelwirbel.WashingMachine - Machine 2 started washing for customer K7 (load 1/5)
2025-06-27 23:40:22.150 [pool-1-thread-4] INFO  com.trommelwirbel.WashingMachine - Machine 3 finished washing for customer K6 (remaining loads: 2)
2025-06-27 23:40:22.154 [pool-1-thread-1] INFO  com.trommelwirbel.WashingSalon - Customer K8 arrived with 1 loads. Queue: [K8]
2025-06-27 23:40:23.155 [pool-1-thread-4] INFO  com.trommelwirbel.WashingMachine - Machine 3 started washing for customer K6 (load 2/2)
2025-06-27 23:40:24.159 [pool-1-thread-1] INFO  com.trommelwirbel.WashingSalon - Customer K9 arrived with 2 loads. Queue: [K8, K9]
2025-06-27 23:40:30.152 [pool-1-thread-2] INFO  com.trommelwirbel.WashingMachine - Machine 1 finished washing for customer K5 (remaining loads: 3)
2025-06-27 23:40:31.158 [pool-1-thread-2] INFO  com.trommelwirbel.WashingMachine - Machine 1 started washing for customer K5 (load 3/4)
2025-06-27 23:40:31.160 [pool-1-thread-1] INFO  com.trommelwirbel.WashingSalon - Customer K10 arrived with 5 loads. Queue: [K8, K9, K10]
2025-06-27 23:40:32.161 [pool-1-thread-4] INFO  com.trommelwirbel.WashingMachine - Machine 3 finished washing for customer K6 (remaining loads: 1)
2025-06-27 23:40:33.167 [pool-1-thread-4] INFO  com.trommelwirbel.WashingSalon - Customer K6 completed all 2 loads
2025-06-27 23:40:33.167 [pool-1-thread-4] INFO  com.trommelwirbel.WashingMachine - Machine 3 started washing for customer K8 (load 1/1)
2025-06-27 23:40:34.156 [pool-1-thread-3] INFO  com.trommelwirbel.WashingMachine - Machine 2 finished washing for customer K7 (remaining loads: 5)
2025-06-27 23:40:35.158 [pool-1-thread-3] INFO  com.trommelwirbel.WashingMachine - Machine 2 started washing for customer K7 (load 2/5)
2025-06-27 23:40:35.164 [pool-1-thread-1] INFO  com.trommelwirbel.WashingSalon - Customer K11 arrived with 4 loads. Queue: [K9, K10, K11]
2025-06-27 23:40:40.170 [pool-1-thread-1] INFO  com.trommelwirbel.WashingSalon - Customer K12 arrived with 3 loads. Queue: [K9, K10, K11, K12]
2025-06-27 23:40:44.160 [pool-1-thread-2] INFO  com.trommelwirbel.WashingMachine - Machine 1 finished washing for customer K5 (remaining loads: 2)
2025-06-27 23:40:44.173 [pool-1-thread-1] INFO  com.trommelwirbel.WashingSalon - Customer K13 arrived with 4 loads. Queue: [K9, K10, K11, K12, K13]
2025-06-27 23:40:45.162 [pool-1-thread-2] INFO  com.trommelwirbel.WashingMachine - Machine 1 started washing for customer K5 (load 4/4)
2025-06-27 23:40:45.171 [pool-1-thread-4] INFO  com.trommelwirbel.WashingMachine - Machine 3 finished washing for customer K8 (remaining loads: 1)
2025-06-27 23:40:46.174 [pool-1-thread-1] INFO  com.trommelwirbel.WashingSalon - Customer K14 arrived with 2 loads. Queue: [K9, K10, K11, K12, K13, K14]
2025-06-27 23:40:46.174 [pool-1-thread-4] INFO  com.trommelwirbel.WashingSalon - Customer K8 completed all 1 loads
2025-06-27 23:40:46.174 [pool-1-thread-4] INFO  com.trommelwirbel.WashingMachine - Machine 3 started washing for customer K9 (load 1/2)
2025-06-27 23:40:47.180 [pool-1-thread-1] INFO  com.trommelwirbel.WashingSalon - Customer K15 arrived with 1 loads. Queue: [K10, K11, K12, K13, K14, K15]
2025-06-27 23:40:49.163 [pool-1-thread-3] INFO  com.trommelwirbel.WashingMachine - Machine 2 finished washing for customer K7 (remaining loads: 4)
2025-06-27 23:40:50.169 [pool-1-thread-3] INFO  com.trommelwirbel.WashingMachine - Machine 2 started washing for customer K7 (load 3/5)
2025-06-27 23:40:53.181 [pool-1-thread-1] INFO  com.trommelwirbel.WashingSalon - Customer K16 arrived with 5 loads. Queue: [K10, K11, K12, K13, K14, K15, K16]
2025-06-27 23:40:54.165 [pool-1-thread-2] INFO  com.trommelwirbel.WashingMachine - Machine 1 finished washing for customer K5 (remaining loads: 1)
2025-06-27 23:40:54.185 [pool-1-thread-1] INFO  com.trommelwirbel.WashingSalon - Customer K17 arrived with 3 loads. Queue: [K10, K11, K12, K13, K14, K15, K16, K17]
2025-06-27 23:40:55.170 [pool-1-thread-2] INFO  com.trommelwirbel.WashingSalon - Customer K5 completed all 4 loads
2025-06-27 23:40:55.170 [pool-1-thread-2] INFO  com.trommelwirbel.WashingMachine - Machine 1 started washing for customer K10 (load 1/5)
2025-06-27 23:40:55.179 [pool-1-thread-4] INFO  com.trommelwirbel.WashingMachine - Machine 3 finished washing for customer K9 (remaining loads: 2)
2025-06-27 23:40:56.185 [pool-1-thread-4] INFO  com.trommelwirbel.WashingMachine - Machine 3 started washing for customer K9 (load 2/2)
2025-06-27 23:40:56.190 [pool-1-thread-1] INFO  com.trommelwirbel.WashingSalon - Customer K18 arrived with 2 loads. Queue: [K11, K12, K13, K14, K15, K16, K17, K18]
2025-06-27 23:40:57.195 [pool-1-thread-1] INFO  com.trommelwirbel.WashingSalon - Customer K19 arrived with 3 loads. Queue: [K11, K12, K13, K14, K15, K16, K17, K18, K19]
2025-06-27 23:41:00.198 [pool-1-thread-1] INFO  com.trommelwirbel.WashingSalon - Customer K20 arrived with 4 loads. Queue: [K11, K12, K13, K14, K15, K16, K17, K18, K19, K20]
2025-06-27 23:41:04.174 [pool-1-thread-3] INFO  com.trommelwirbel.WashingMachine - Machine 2 finished washing for customer K7 (remaining loads: 3)
2025-06-27 23:41:04.190 [pool-1-thread-4] INFO  com.trommelwirbel.WashingMachine - Machine 3 finished washing for customer K9 (remaining loads: 1)
2025-06-27 23:41:05.178 [pool-1-thread-3] INFO  com.trommelwirbel.WashingMachine - Machine 2 started washing for customer K7 (load 4/5)
2025-06-27 23:41:05.196 [pool-1-thread-4] INFO  com.trommelwirbel.WashingSalon - Customer K9 completed all 2 loads
2025-06-27 23:41:05.196 [pool-1-thread-4] INFO  com.trommelwirbel.WashingMachine - Machine 3 started washing for customer K11 (load 1/4)
2025-06-27 23:41:06.173 [pool-1-thread-2] INFO  com.trommelwirbel.WashingMachine - Machine 1 finished washing for customer K10 (remaining loads: 5)
2025-06-27 23:41:07.179 [pool-1-thread-2] INFO  com.trommelwirbel.WashingMachine - Machine 1 started washing for customer K10 (load 2/5)
2025-06-27 23:41:07.200 [pool-1-thread-1] INFO  com.trommelwirbel.WashingSalon - Customer K21 arrived with 2 loads. Queue: [K12, K13, K14, K15, K16, K17, K18, K19, K20, K21]
2025-06-27 23:41:10.206 [pool-1-thread-1] INFO  com.trommelwirbel.WashingSalon - Customer K22 arrived with 3 loads. Queue: [K12, K13, K14, K15, K16, K17, K18, K19, K20, K21, K22]
2025-06-27 23:41:11.183 [pool-1-thread-3] INFO  com.trommelwirbel.WashingMachine - Machine 2 finished washing for customer K7 (remaining loads: 2)
2025-06-27 23:41:12.188 [pool-1-thread-3] INFO  com.trommelwirbel.WashingMachine - Machine 2 started washing for customer K7 (load 5/5)
2025-06-27 23:41:14.212 [pool-1-thread-1] INFO  com.trommelwirbel.WashingSalon - Customer K23 arrived with 4 loads. Queue: [K12, K13, K14, K15, K16, K17, K18, K19, K20, K21, K22, K23]
2025-06-27 23:41:16.214 [pool-1-thread-1] INFO  com.trommelwirbel.WashingSalon - Customer K24 arrived with 5 loads. Queue: [K12, K13, K14, K15, K16, K17, K18, K19, K20, K21, K22, K23, K24]
2025-06-27 23:41:18.199 [pool-1-thread-4] INFO  com.trommelwirbel.WashingMachine - Machine 3 finished washing for customer K11 (remaining loads: 4)
2025-06-27 23:41:19.184 [pool-1-thread-2] INFO  com.trommelwirbel.WashingMachine - Machine 1 finished washing for customer K10 (remaining loads: 4)
2025-06-27 23:41:19.192 [pool-1-thread-3] INFO  com.trommelwirbel.WashingMachine - Machine 2 finished washing for customer K7 (remaining loads: 1)
2025-06-27 23:41:19.199 [pool-1-thread-4] INFO  com.trommelwirbel.WashingMachine - Machine 3 started washing for customer K11 (load 2/4)
2025-06-27 23:41:20.187 [pool-1-thread-2] INFO  com.trommelwirbel.WashingMachine - Machine 1 started washing for customer K10 (load 3/5)
2025-06-27 23:41:20.196 [pool-1-thread-3] INFO  com.trommelwirbel.WashingSalon - Customer K7 completed all 5 loads
2025-06-27 23:41:20.196 [pool-1-thread-3] INFO  com.trommelwirbel.WashingMachine - Machine 2 started washing for customer K12 (load 1/3)
2025-06-27 23:41:23.221 [pool-1-thread-1] INFO  com.trommelwirbel.WashingSalon - Customer K25 arrived with 4 loads. Queue: [K13, K14, K15, K16, K17, K18, K19, K20, K21, K22, K23, K24, K25]
2025-06-27 23:41:26.202 [pool-1-thread-4] INFO  com.trommelwirbel.WashingMachine - Machine 3 finished washing for customer K11 (remaining loads: 3)
2025-06-27 23:41:27.206 [pool-1-thread-4] INFO  com.trommelwirbel.WashingMachine - Machine 3 started washing for customer K11 (load 3/4)
2025-06-27 23:41:28.204 [pool-1-thread-3] INFO  com.trommelwirbel.WashingMachine - Machine 2 finished washing for customer K12 (remaining loads: 3)
2025-06-27 23:41:29.212 [pool-1-thread-3] INFO  com.trommelwirbel.WashingMachine - Machine 2 started washing for customer K12 (load 2/3)
2025-06-27 23:41:29.228 [pool-1-thread-1] INFO  com.trommelwirbel.WashingSalon - Customer K26 arrived with 2 loads. Queue: [K13, K14, K15, K16, K17, K18, K19, K20, K21, K22, K23, K24, K25, K26]
2025-06-27 23:41:33.200 [pool-1-thread-2] INFO  com.trommelwirbel.WashingMachine - Machine 1 finished washing for customer K10 (remaining loads: 3)
2025-06-27 23:41:34.202 [pool-1-thread-2] INFO  com.trommelwirbel.WashingMachine - Machine 1 started washing for customer K10 (load 4/5)
2025-06-27 23:41:35.238 [pool-1-thread-1] INFO  com.trommelwirbel.WashingSalon - Customer K27 arrived with 4 loads. Queue: [K13, K14, K15, K16, K17, K18, K19, K20, K21, K22, K23, K24, K25, K26, K27]
2025-06-27 23:41:37.221 [pool-1-thread-4] INFO  com.trommelwirbel.WashingMachine - Machine 3 finished washing for customer K11 (remaining loads: 2)
2025-06-27 23:41:38.220 [pool-1-thread-3] INFO  com.trommelwirbel.WashingMachine - Machine 2 finished washing for customer K12 (remaining loads: 2)
2025-06-27 23:41:38.227 [pool-1-thread-4] INFO  com.trommelwirbel.WashingMachine - Machine 3 started washing for customer K11 (load 4/4)
2025-06-27 23:41:38.246 [pool-1-thread-1] INFO  com.trommelwirbel.WashingSalon - Customer K28 arrived with 2 loads. Queue: [K13, K14, K15, K16, K17, K18, K19, K20, K21, K22, K23, K24, K25, K26, K27, K28]
2025-06-27 23:41:39.227 [pool-1-thread-3] INFO  com.trommelwirbel.WashingMachine - Machine 2 started washing for customer K12 (load 3/3)
2025-06-27 23:41:42.208 [pool-1-thread-2] INFO  com.trommelwirbel.WashingMachine - Machine 1 finished washing for customer K10 (remaining loads: 2)
2025-06-27 23:41:43.214 [pool-1-thread-2] INFO  com.trommelwirbel.WashingMachine - Machine 1 started washing for customer K10 (load 5/5)
2025-06-27 23:41:46.257 [pool-1-thread-1] INFO  com.trommelwirbel.WashingSalon - Customer K29 arrived with 3 loads. Queue: [K13, K14, K15, K16, K17, K18, K19, K20, K21, K22, K23, K24, K25, K26, K27, K28, K29]
2025-06-27 23:41:47.236 [pool-1-thread-3] INFO  com.trommelwirbel.WashingMachine - Machine 2 finished washing for customer K12 (remaining loads: 1)
2025-06-27 23:41:48.237 [pool-1-thread-4] INFO  com.trommelwirbel.WashingMachine - Machine 3 finished washing for customer K11 (remaining loads: 1)
2025-06-27 23:41:48.241 [pool-1-thread-3] INFO  com.trommelwirbel.WashingSalon - Customer K12 completed all 3 loads
2025-06-27 23:41:48.242 [pool-1-thread-3] INFO  com.trommelwirbel.WashingMachine - Machine 2 started washing for customer K13 (load 1/4)
2025-06-27 23:41:49.240 [pool-1-thread-4] INFO  com.trommelwirbel.WashingSalon - Customer K11 completed all 4 loads
2025-06-27 23:41:49.240 [pool-1-thread-4] INFO  com.trommelwirbel.WashingMachine - Machine 3 started washing for customer K14 (load 1/2)
2025-06-27 23:41:49.265 [pool-1-thread-1] INFO  com.trommelwirbel.WashingSalon - Customer K30 arrived with 4 loads. Queue: [K15, K16, K17, K18, K19, K20, K21, K22, K23, K24, K25, K26, K27, K28, K29, K30]
2025-06-27 23:41:53.271 [pool-1-thread-1] INFO  com.trommelwirbel.WashingSalon - Customer K31 arrived with 1 loads. Queue: [K15, K16, K17, K18, K19, K20, K21, K22, K23, K24, K25, K26, K27, K28, K29, K30, K31]
2025-06-27 23:41:54.272 [pool-1-thread-1] INFO  com.trommelwirbel.WashingSalon - Customer K32 arrived with 5 loads. Queue: [K15, K16, K17, K18, K19, K20, K21, K22, K23, K24, K25, K26, K27, K28, K29, K30, K31, K32]
2025-06-27 23:41:55.223 [pool-1-thread-2] INFO  com.trommelwirbel.WashingMachine - Machine 1 finished washing for customer K10 (remaining loads: 1)
2025-06-27 23:41:56.229 [pool-1-thread-2] INFO  com.trommelwirbel.WashingSalon - Customer K10 completed all 5 loads
2025-06-27 23:41:56.231 [pool-1-thread-2] INFO  com.trommelwirbel.WashingMachine - Machine 1 started washing for customer K15 (load 1/1)
2025-06-27 23:41:59.246 [pool-1-thread-3] INFO  com.trommelwirbel.WashingMachine - Machine 2 finished washing for customer K13 (remaining loads: 4)
2025-06-27 23:41:59.276 [pool-1-thread-1] INFO  com.trommelwirbel.WashingSalon - Customer K33 arrived with 5 loads. Queue: [K16, K17, K18, K19, K20, K21, K22, K23, K24, K25, K26, K27, K28, K29, K30, K31, K32, K33]
2025-06-27 23:42:00.248 [pool-1-thread-3] INFO  com.trommelwirbel.WashingMachine - Machine 2 started washing for customer K13 (load 2/4)
2025-06-27 23:42:00.277 [pool-1-thread-1] INFO  com.trommelwirbel.WashingSalon - Customer K34 arrived with 2 loads. Queue: [K16, K17, K18, K19, K20, K21, K22, K23, K24, K25, K26, K27, K28, K29, K30, K31, K32, K33, K34]
2025-06-27 23:42:01.247 [pool-1-thread-4] INFO  com.trommelwirbel.WashingMachine - Machine 3 finished washing for customer K14 (remaining loads: 2)
2025-06-27 23:42:02.233 [pool-1-thread-2] INFO  com.trommelwirbel.WashingMachine - Machine 1 finished washing for customer K15 (remaining loads: 1)
2025-06-27 23:42:02.249 [pool-1-thread-4] INFO  com.trommelwirbel.WashingMachine - Machine 3 started washing for customer K14 (load 2/2)
2025-06-27 23:42:03.237 [pool-1-thread-2] INFO  com.trommelwirbel.WashingSalon - Customer K15 completed all 1 loads
2025-06-27 23:42:03.237 [pool-1-thread-2] INFO  com.trommelwirbel.WashingMachine - Machine 1 started washing for customer K16 (load 1/5)
2025-06-27 23:42:07.254 [pool-1-thread-3] INFO  com.trommelwirbel.WashingMachine - Machine 2 finished washing for customer K13 (remaining loads: 3)
2025-06-27 23:42:07.283 [pool-1-thread-1] INFO  com.trommelwirbel.WashingSalon - Customer K35 arrived with 5 loads. Queue: [K17, K18, K19, K20, K21, K22, K23, K24, K25, K26, K27, K28, K29, K30, K31, K32, K33, K34, K35]
2025-06-27 23:42:08.252 [pool-1-thread-4] INFO  com.trommelwirbel.WashingMachine - Machine 3 finished washing for customer K14 (remaining loads: 1)
2025-06-27 23:42:08.260 [pool-1-thread-3] INFO  com.trommelwirbel.WashingMachine - Machine 2 started washing for customer K13 (load 3/4)
2025-06-27 23:42:09.261 [pool-1-thread-4] INFO  com.trommelwirbel.WashingSalon - Customer K14 completed all 2 loads
2025-06-27 23:42:09.261 [pool-1-thread-4] INFO  com.trommelwirbel.WashingMachine - Machine 3 started washing for customer K17 (load 1/3)
2025-06-27 23:42:09.288 [pool-1-thread-1] INFO  com.trommelwirbel.WashingSalon - Customer K36 arrived with 2 loads. Queue: [K18, K19, K20, K21, K22, K23, K24, K25, K26, K27, K28, K29, K30, K31, K32, K33, K34, K35, K36]
2025-06-27 23:42:12.292 [pool-1-thread-1] INFO  com.trommelwirbel.WashingSalon - Customer K37 arrived with 2 loads. Queue: [K18, K19, K20, K21, K22, K23, K24, K25, K26, K27, K28, K29, K30, K31, K32, K33, K34, K35, K36, K37]
2025-06-27 23:42:13.297 [pool-1-thread-1] INFO  com.trommelwirbel.WashingSalon - Customer K38 arrived with 4 loads. Queue: [K18, K19, K20, K21, K22, K23, K24, K25, K26, K27, K28, K29, K30, K31, K32, K33, K34, K35, K36, K37, K38]
2025-06-27 23:42:16.240 [pool-1-thread-2] INFO  com.trommelwirbel.WashingMachine - Machine 1 finished washing for customer K16 (remaining loads: 5)
2025-06-27 23:42:17.246 [pool-1-thread-2] INFO  com.trommelwirbel.WashingMachine - Machine 1 started washing for customer K16 (load 2/5)
2025-06-27 23:42:19.267 [pool-1-thread-4] INFO  com.trommelwirbel.WashingMachine - Machine 3 finished washing for customer K17 (remaining loads: 3)
2025-06-27 23:42:20.271 [pool-1-thread-4] INFO  com.trommelwirbel.WashingMachine - Machine 3 started washing for customer K17 (load 2/3)
2025-06-27 23:42:20.299 [pool-1-thread-1] INFO  com.trommelwirbel.WashingSalon - Customer K39 arrived with 4 loads. Queue: [K18, K19, K20, K21, K22, K23, K24, K25, K26, K27, K28, K29, K30, K31, K32, K33, K34, K35, K36, K37, K38, K39]
2025-06-27 23:42:21.267 [pool-1-thread-3] INFO  com.trommelwirbel.WashingMachine - Machine 2 finished washing for customer K13 (remaining loads: 2)
2025-06-27 23:42:22.268 [pool-1-thread-3] INFO  com.trommelwirbel.WashingMachine - Machine 2 started washing for customer K13 (load 4/4)
2025-06-27 23:42:24.247 [pool-1-thread-2] INFO  com.trommelwirbel.WashingMachine - Machine 1 finished washing for customer K16 (remaining loads: 4)
2025-06-27 23:42:25.253 [pool-1-thread-2] INFO  com.trommelwirbel.WashingMachine - Machine 1 started washing for customer K16 (load 3/5)
2025-06-27 23:42:26.301 [pool-1-thread-1] INFO  com.trommelwirbel.WashingSalon - Customer K40 arrived with 4 loads. Queue: [K18, K19, K20, K21, K22, K23, K24, K25, K26, K27, K28, K29, K30, K31, K32, K33, K34, K35, K36, K37, K38, K39, K40]
2025-06-27 23:42:26.302 [pool-1-thread-1] INFO  com.trommelwirbel.WashingSalon - All 40 customers have arrived
2025-06-27 23:42:27.270 [pool-1-thread-3] INFO  com.trommelwirbel.WashingMachine - Machine 2 finished washing for customer K13 (remaining loads: 1)
2025-06-27 23:42:28.272 [pool-1-thread-3] INFO  com.trommelwirbel.WashingSalon - Customer K13 completed all 4 loads
2025-06-27 23:42:28.272 [pool-1-thread-3] INFO  com.trommelwirbel.WashingMachine - Machine 2 started2025-06-27 23:42:30.285 [pool-1-threa2025-06-27 23:42:33.254 [pool-1-thread-2] INFO  com.trommelwirbel.WashingMachine - Machine 1 finished washing for customer K16 (remaining loads: 3)
2025-06-27 23:42:34.256 [pool-1-thread-2] INFO  com.trommelwirbel.WashingMachine - Machine 1 started washing for customer K16 (load 4/5)
2025-06-27 23:42:34.275 [pool-1-thread-4] INFO  com.trommelwirbel.WashingMachine - Machine 3 finished washing for customer K17 (remaining loads: 2)
2025-06-27 23:42:35.279 [pool-1-thread-4] INFO  com.trommelwirbel.WashingMachine - Machine 3 started washing for customer K17 (load 3/3)
2025-06-27 23:42:41.277 [pool-1-thread-3] INFO  com.trommelwirbel.WashingMachine - Machine 2 finished washing for customer K18 (remaining loads: 2)
2025-06-27 23:42:42.280 [pool-1-thread-3] INFO  com.trommelwirbel.WashingMachine - Machine 2 started washing for customer K18 (load 2/2)
2025-06-27 23:42:43.261 [pool-1-thread-2] INFO  com.trommelwirbel.WashingMachine - Machine 1 finished washing for customer K16 (remaining loads: 2)
2025-06-27 23:42:44.267 [pool-1-thread-2] INFO  com.trommelwirbel.WashingMachine - Machine 1 started washing for customer K16 (load 5/5)
2025-06-27 23:42:44.281 [pool-1-thread-4] INFO  com.trommelwirbel.WashingMachine - Machine 3 finished washing for customer K17 (remaining loads: 1)
2025-06-27 23:42:45.284 [pool-1-thread-4] INFO  com.trommelwirbel.WashingSalon - Customer K17 completed all 3 loads
2025-06-27 23:42:45.285 [pool-1-thread-4] INFO  com.trommelwirbel.WashingMachine - Machine 3 started washing for customer K19 (load 1/3)
2025-06-27 23:42:50.289 [pool-1-thread-4] INFO  com.trommelwirbel.WashingMachine - Machine 3 finished washing for customer K19 (remaining loads: 3)
2025-06-27 23:42:51.293 [pool-1-thread-4] INFO  com.trommelwirbel.WashingMachine - Machine 3 started washing for customer K19 (load 2/3)
2025-06-27 23:42:53.285 [pool-1-thread-3] INFO  com.trommelwirbel.WashingMachine - Machine 2 finished washing for customer K18 (remaining loads: 1)
2025-06-27 23:42:54.269 [pool-1-thread-2] INFO  com.trommelwirbel.WashingMachine - Machine 1 finished washing for customer K16 (remaining loads: 1)
2025-06-27 23:42:54.288 [pool-1-thread-3] INFO  com.trommelwirbel.WashingSalon - Customer K18 completed all 2 loads
2025-06-27 23:42:54.288 [pool-1-thread-3] INFO  com.trommelwirbel.WashingMachine - Machine 2 started washing for customer K20 (load 1/4)
2025-06-27 23:42:55.274 [pool-1-thread-2] INFO  com.trommelwirbel.WashingSalon - Customer K16 completed all 5 loads
2025-06-27 23:42:55.275 [pool-1-thread-2] INFO  com.trommelwirbel.WashingMachine - Machine 1 started washing for customer K21 (load 1/2)
2025-06-27 23:42:59.293 [pool-1-thread-3] INFO  com.trommelwirbel.WashingMachine - Machine 2 finished washing for customer K20 (remaining loads: 4)
2025-06-27 23:43:00.299 [pool-1-thread-3] INFO  com.trommelwirbel.WashingMachine - Machine 2 started washing for customer K20 (load 2/4)
2025-06-27 23:43:01.296 [pool-1-thread-4] INFO  com.trommelwirbel.WashingMachine - Machine 3 finished washing for customer K19 (remaining loads: 2)
2025-06-27 23:43:02.298 [pool-1-thread-4] INFO  com.trommelwirbel.WashingMachine - Machine 3 started washing for customer K19 (load 3/3)
2025-06-27 23:43:04.276 [pool-1-thread-2] INFO  com.trommelwirbel.WashingMachine - Machine 1 finished washing for customer K21 (remaining loads: 2)
2025-06-27 23:43:05.281 [pool-1-thread-2] INFO  com.trommelwirbel.WashingMachine - Machine 1 started washing for customer K21 (load 2/2)
2025-06-27 23:43:07.304 [pool-1-thread-3] INFO  com.trommelwirbel.WashingMachine - Machine 2 finished washing for customer K20 (remaining loads: 3)
2025-06-27 23:43:08.307 [pool-1-thread-3] INFO  com.trommelwirbel.WashingMachine - Machine 2 started washing for customer K20 (load 3/4)
2025-06-27 23:43:14.286 [pool-1-thread-2] INFO  com.trommelwirbel.WashingMachine - Machine 1 finished washing for customer K21 (remaining loads: 1)
2025-06-27 23:43:14.302 [pool-1-thread-4] INFO  com.trommelwirbel.WashingMachine - Machine 3 finished washing for customer K19 (remaining loads: 1)
2025-06-27 23:43:15.288 [pool-1-thread-2] INFO  com.trommelwirbel.WashingSalon - Customer K21 completed all 2 loads
2025-06-27 23:43:15.288 [pool-1-thread-2] INFO  com.trommelwirbel.WashingMachine - Machine 1 started washing for customer K22 (load 1/3)
2025-06-27 23:43:15.307 [pool-1-thread-4] INFO  com.trommelwirbel.WashingSalon - Customer K19 completed all 3 loads
2025-06-27 23:43:15.308 [pool-1-thread-4] INFO  com.trommelwirbel.WashingMachine - Machine 3 started washing for customer K23 (load 1/4)
2025-06-27 23:43:17.308 [pool-1-thread-3] INFO  com.trommelwirbel.WashingMachine - Machine 2 finished washing for customer K20 (remaining loads: 2)
2025-06-27 23:43:18.313 [pool-1-thread-3] INFO  com.trommelwirbel.WashingMachine - Machine 2 started washing for customer K20 (load 4/4)
2025-06-27 23:43:22.313 [pool-1-thread-4] INFO  com.trommelwirbel.WashingMachine - Machine 3 finished washing for customer K23 (remaining loads: 4)
2025-06-27 23:43:23.320 [pool-1-thread-4] INFO  com.trommelwirbel.WashingMachine - Machine 3 started washing for customer K23 (load 2/4)
2025-06-27 23:43:30.293 [pool-1-thread-2] INFO  com.trommelwirbel.WashingMachine - Machine 1 finished washing for customer K22 (remaining loads: 3)
2025-06-27 23:43:30.323 [pool-1-thread-4] INFO  com.trommelwirbel.WashingMachine - Machine 3 finished washing for customer K23 (remaining loads: 3)
2025-06-27 23:43:31.296 [pool-1-thread-2] INFO  com.trommelwirbel.WashingMachine - Machine 1 started washing for customer K22 (load 2/3)
2025-06-27 23:43:31.319 [pool-1-thread-3] INFO  com.trommelwirbel.WashingMachine - Machine 2 finished washing for customer K20 (remaining loads: 1)
2025-06-27 23:43:31.327 [pool-1-thread-4] INFO  com.trommelwirbel.WashingMachine - Machine 3 started washing for customer K23 (load 3/4)
2025-06-27 23:43:32.324 [pool-1-thread-3] INFO  com.trommelwirbel.WashingSalon - Customer K20 completed all 4 loads
2025-06-27 23:43:32.325 [pool-1-thread-3] INFO  com.trommelwirbel.WashingMachine - Machine 2 started washing for customer K24 (load 1/5)
2025-06-27 23:43:40.326 [pool-1-thread-3] INFO  com.trommelwirbel.WashingMachine - Machine 2 finished washing for customer K24 (remaining loads: 5)
2025-06-27 23:43:41.329 [pool-1-thread-3] INFO  com.trommelwirbel.WashingMachine - Machine 2 started washing for customer K24 (load 2/5)
2025-06-27 23:43:45.301 [pool-1-thread-2] INFO  com.trommelwirbel.WashingMachine - Machine 1 finished washing for customer K22 (remaining loads: 2)
2025-06-27 23:43:45.332 [pool-1-thread-4] INFO  com.trommelwirbel.WashingMachine - Machine 3 finished washing for customer K23 (remaining loads: 2)
2025-06-27 23:43:46.305 [pool-1-thread-2] INFO  com.trommelwirbel.WashingMachine - Machine 1 started washing for customer K22 (load 3/3)
2025-06-27 23:43:46.334 [pool-1-thread-4] INFO  com.trommelwirbel.WashingMachine - Machine 3 started washing for customer K23 (load 4/4)
2025-06-27 23:43:53.308 [pool-1-thread-2] INFO  com.trommelwirbel.WashingMachine - Machine 1 finished washing for customer K22 (remaining loads: 1)
2025-06-27 23:43:53.335 [pool-1-thread-3] INFO  com.trommelwirbel.WashingMachine - Machine 2 finished washing for customer K24 (remaining loads: 4)
2025-06-27 23:43:54.314 [pool-1-thread-2] INFO  com.trommelwirbel.WashingSalon - Customer K22 completed all 3 loads
2025-06-27 23:43:54.314 [pool-1-thread-2] INFO  com.trommelwirbel.WashingMachine - Machine 1 started washing for customer K25 (load 1/4)
2025-06-27 23:43:54.340 [pool-1-thread-3] INFO  com.trommelwirbel.WashingMachine - Machine 2 started washing for customer K24 (load 3/5)
2025-06-27 23:44:01.336 [pool-1-thread-4] INFO  com.trommelwirbel.WashingMachine - Machine 3 finished washing for customer K23 (remaining loads: 1)
2025-06-27 23:44:02.319 [pool-1-thread-2] INFO  com.trommelwirbel.WashingMachine - Machine 1 finished washing for customer K25 (remaining loads: 4)
2025-06-27 23:44:02.338 [pool-1-thread-4] INFO  com.trommelwirbel.WashingSalon - Customer K23 completed all 4 loads
2025-06-27 23:44:02.338 [pool-1-thread-4] INFO  com.trommelwirbel.WashingMachine - Machine 3 started washing for customer K26 (load 1/2)
2025-06-27 23:44:03.324 [pool-1-thread-2] INFO  com.trommelwirbel.WashingMachine - Machine 1 started washing for customer K25 (load 2/4)
2025-06-27 23:44:03.344 [pool-1-thread-3] INFO  com.trommelwirbel.WashingMachine - Machine 2 finished washing for customer K24 (remaining loads: 3)
2025-06-27 23:44:04.350 [pool-1-thread-3] INFO  com.trommelwirbel.WashingMachine - Machine 2 started washing for customer K24 (load 4/5)
2025-06-27 23:44:07.341 [pool-1-thread-4] INFO  com.trommelwirbel.WashingMachine - Machine 3 finished washing for customer K26 (remaining loads: 2)
2025-06-27 23:44:08.346 [pool-1-thread-4] INFO  com.trommelwirbel.WashingMachine - Machine 3 started washing for customer K26 (load 2/2)
2025-06-27 23:44:10.355 [pool-1-thread-3] INFO  com.trommelwirbel.WashingMachine - Machine 2 finished washing for customer K24 (remaining loads: 2)
2025-06-27 23:44:11.357 [pool-1-thread-3] INFO  com.trommelwirbel.WashingMachine - Machine 2 started washing for customer K24 (load 5/5)
2025-06-27 23:44:13.351 [pool-1-thread-4] INFO  com.trommelwirbel.WashingMachine - Machine 3 finished washing for customer K26 (remaining loads: 1)
2025-06-27 23:44:14.357 [pool-1-thread-4] INFO  com.trommelwirbel.WashingSalon - Customer K26 completed all 2 loads
2025-06-27 23:44:14.357 [pool-1-thread-4] INFO  com.trommelwirbel.WashingMachine - Machine 3 started washing for customer K27 (load 1/4)
2025-06-27 23:44:17.330 [pool-1-thread-2] INFO  com.trommelwirbel.WashingMachine - Machine 1 finished washing for customer K25 (remaining loads: 3)
2025-06-27 23:44:18.331 [pool-1-thread-2] INFO  com.trommelwirbel.WashingMachine - Machine 1 started washing for customer K25 (load 3/4)
2025-06-27 23:44:22.363 [pool-1-thread-3] INFO  com.trommelwirbel.WashingMachine - Machine 2 finished washing for customer K24 (remaining loads: 1)
2025-06-27 23:44:23.336 [pool-1-thread-2] INFO  com.trommelwirbel.WashingMachine - Machine 1 finished washing for customer K25 (remaining loads: 2)
2025-06-27 23:44:23.360 [pool-1-thread-4] INFO  com.trommelwirbel.WashingMachine - Machine 3 finished washing for customer K27 (remaining loads: 4)
2025-06-27 23:44:23.368 [pool-1-thread-3] INFO  com.trommelwirbel.WashingSalon - Customer K24 completed all 5 loads
2025-06-27 23:44:23.368 [pool-1-thread-3] INFO  com.trommelwirbel.WashingMachine - Machine 2 started washing for customer K28 (load 1/2)
2025-06-27 23:44:24.342 [pool-1-thread-2] INFO  com.trommelwirbel.WashingMachine - Machine 1 started washing for customer K25 (load 4/4)
2025-06-27 23:44:24.362 [pool-1-thread-4] INFO  com.trommelwirbel.WashingMachine - Machine 3 started washing for customer K27 (load 2/4)
2025-06-27 23:44:33.363 [pool-1-thread-4] INFO  com.trommelwirbel.WashingMachine - Machine 3 finished washing for customer K27 (remaining loads: 3)
2025-06-27 23:44:34.348 [pool-1-thread-2] INFO  com.trommelwirbel.WashingMachine - Machine 1 finished washing for customer K25 (remaining loads: 1)
2025-06-27 23:44:34.371 [pool-1-thread-4] INFO  com.trommelwirbel.WashingMachine - Machine 3 started washing for customer K27 (load 3/4)
2025-06-27 23:44:35.354 [pool-1-thread-2] INFO  com.trommelwirbel.WashingSalon - Customer K25 completed all 4 loads
2025-06-27 23:44:35.354 [pool-1-thread-2] INFO  com.trommelwirbel.WashingMachine - Machine 1 started washing for customer K29 (load 1/3)
2025-06-27 23:44:36.370 [pool-1-thread-3] INFO  com.trommelwirbel.WashingMachine - Machine 2 finished washing for customer K28 (remaining loads: 2)
2025-06-27 23:44:37.373 [pool-1-thread-3] INFO  com.trommelwirbel.WashingMachine - Machine 2 started washing for customer K28 (load 2/2)
2025-06-27 23:44:41.360 [pool-1-thread-2] INFO  com.trommelwirbel.WashingMachine - Machine 1 finished washing for customer K29 (remaining loads: 3)
2025-06-27 23:44:42.365 [pool-1-thread-2] INFO  com.trommelwirbel.WashingMachine - Machine 1 started washing for customer K29 (load 2/3)
2025-06-27 23:44:43.377 [pool-1-thread-4] INFO  com.trommelwirbel.WashingMachine - Machine 3 finished washing for customer K27 (remaining loads: 2)
2025-06-27 23:44:44.381 [pool-1-thread-4] INFO  com.trommelwirbel.WashingMachine - Machine 3 started washing for customer K27 (load 4/4)
2025-06-27 23:44:48.375 [pool-1-thread-3] INFO  com.trommelwirbel.WashingMachine - Machine 2 finished washing for customer K28 (remaining loads: 1)
2025-06-27 23:44:49.376 [pool-1-thread-3] INFO  com.trommelwirbel.WashingSalon - Customer K28 completed all 2 loads
2025-06-27 23:44:49.377 [pool-1-thread-3] INFO  com.trommelwirbel.WashingMachine - Machine 2 started washing for customer K30 (load 1/4)
2025-06-27 23:44:54.366 [pool-1-thread-2] INFO  com.trommelwirbel.WashingMachine - Machine 1 finished washing for customer K29 (remaining loads: 2)
2025-06-27 23:44:55.371 [pool-1-thread-2] INFO  com.trommelwirbel.WashingMachine - Machine 1 started washing for customer K29 (load 3/3)
2025-06-27 23:44:59.386 [pool-1-thread-4] INFO  com.trommelwirbel.WashingMachine - Machine 3 finished washing for customer K27 (remaining loads: 1)
2025-06-27 23:45:00.391 [pool-1-thread-4] INFO  com.trommelwirbel.WashingSalon - Customer K27 completed all 4 loads
2025-06-27 23:45:00.391 [pool-1-thread-4] INFO  com.trommelwirbel.WashingMachine - Machine 3 started washing for customer K31 (load 1/1)
2025-06-27 23:45:01.380 [pool-1-thread-3] INFO  com.trommelwirbel.WashingMachine - Machine 2 finished washing for customer K30 (remaining loads: 4)
2025-06-27 23:45:02.384 [pool-1-thread-3] INFO  com.trommelwirbel.WashingMachine - Machine 2 started washing for customer K30 (load 2/4)
2025-06-27 23:45:08.396 [pool-1-thread-4] INFO  com.trommelwirbel.WashingMachine - Machine 3 finished washing for customer K31 (remaining loads: 1)
2025-06-27 23:45:09.376 [pool-1-thread-2] INFO  com.trommelwirbel.WashingMachine - Machine 1 finished washing for customer K29 (remaining loads: 1)
2025-06-27 23:45:09.397 [pool-1-thread-4] INFO  com.trommelwirbel.WashingSalon - Customer K31 completed all 1 loads
2025-06-27 23:45:09.397 [pool-1-thread-4] INFO  com.trommelwirbel.WashingMachine - Machine 3 started washing for customer K32 (load 1/5)
2025-06-27 23:45:10.381 [pool-1-thread-2] INFO  com.trommelwirbel.WashingSalon - Customer K29 completed all 3 loads
2025-06-27 23:45:10.381 [pool-1-thread-2] INFO  com.trommelwirbel.WashingMachine - Machine 1 started washing for customer K33 (load 1/5)
2025-06-27 23:45:10.389 [pool-1-thread-3] INFO  com.trommelwirbel.WashingMachine - Machine 2 finished washing for customer K30 (remaining loads: 3)
2025-06-27 23:45:11.394 [pool-1-thread-3] INFO  com.trommelwirbel.WashingMachine - Machine 2 started washing for customer K30 (load 3/4)
2025-06-27 23:45:15.400 [pool-1-thread-4] INFO  com.trommelwirbel.WashingMachine - Machine 3 finished washing for customer K32 (remaining loads: 5)
2025-06-27 23:45:16.404 [pool-1-thread-4] INFO  com.trommelwirbel.WashingMachine - Machine 3 started washing for customer K32 (load 2/5)
2025-06-27 23:45:19.386 [pool-1-thread-2] INFO  com.trommelwirbel.WashingMachine - Machine 1 finished washing for customer K33 (remaining loads: 5)
2025-06-27 23:45:20.387 [pool-1-thread-2] INFO  com.trommelwirbel.WashingMachine - Machine 1 started washing for customer K33 (load 2/5)
2025-06-27 23:45:24.399 [pool-1-thread-3] INFO  com.trommelwirbel.WashingMachine - Machine 2 finished washing for customer K30 (remaining loads: 2)
2025-06-27 23:45:25.404 [pool-1-thread-3] INFO  com.trommelwirbel.WashingMachine - Machine 2 started washing for customer K30 (load 4/4)
2025-06-27 23:45:27.410 [pool-1-thread-4] INFO  com.trommelwirbel.WashingMachine - Machine 3 finished washing for customer K32 (remaining loads: 4)
2025-06-27 23:45:28.415 [pool-1-thread-4] INFO  com.trommelwirbel.WashingMachine - Machine 3 started washing for customer K32 (load 3/5)
2025-06-27 23:45:30.404 [pool-1-thread-3] INFO  com.trommelwirbel.WashingMachine - Machine 2 finished washing for customer K30 (remaining loads: 1)
2025-06-27 23:45:31.410 [pool-1-thread-3] INFO  com.trommelwirbel.WashingSalon - Customer K30 completed all 4 loads
2025-06-27 23:45:31.410 [pool-1-thread-3] INFO  com.trommelwirbel.WashingMachine - Machine 2 started washing for customer K34 (load 1/2)
2025-06-27 23:45:34.392 [pool-1-thread-2] INFO  com.trommelwirbel.WashingMachine - Machine 1 finished washing for customer K33 (remaining loads: 4)
2025-06-27 23:45:35.397 [pool-1-thread-2] INFO  com.trommelwirbel.WashingMachine - Machine 1 started washing for customer K33 (load 3/5)
2025-06-27 23:45:37.413 [pool-1-thread-3] INFO  com.trommelwirbel.WashingMachine - Machine 2 finished washing for customer K34 (remaining loads: 2)
2025-06-27 23:45:38.413 [pool-1-thread-3] INFO  com.trommelwirbel.WashingMachine - Machine 2 started washing for customer K34 (load 2/2)
2025-06-27 23:45:38.420 [pool-1-thread-4] INFO  com.trommelwirbel.WashingMachine - Machine 3 finished washing for customer K32 (remaining loads: 3)
2025-06-27 23:45:39.425 [pool-1-thread-4] INFO  com.trommelwirbel.WashingMachine - Machine 3 started washing for customer K32 (load 4/5)
2025-06-27 23:45:42.403 [pool-1-thread-2] INFO  com.trommelwirbel.WashingMachine - Machine 1 finished washing for customer K33 (remaining loads: 3)
2025-06-27 23:45:43.408 [pool-1-thread-2] INFO  com.trommelwirbel.WashingMachine - Machine 1 started washing for customer K33 (load 4/5)
2025-06-27 23:45:45.418 [pool-1-thread-3] INFO  com.trommelwirbel.WashingMachine - Machine 2 finished washing for customer K34 (remaining loads: 1)
2025-06-27 23:45:45.430 [pool-1-thread-4] INFO  com.trommelwirbel.WashingMachine - Machine 3 finished washing for customer K32 (remaining loads: 2)
2025-06-27 23:45:46.424 [pool-1-thread-3] INFO  com.trommelwirbel.WashingSalon - Customer K34 completed all 2 loads
2025-06-27 23:45:46.425 [pool-1-thread-3] INFO  com.trommelwirbel.WashingMachine - Machine 2 started washing for customer K35 (load 1/5)
2025-06-27 23:45:46.435 [pool-1-thread-4] INFO  com.trommelwirbel.WashingMachine - Machine 3 started washing for customer K32 (load 5/5)
2025-06-27 23:45:53.439 [pool-1-thread-4] INFO  com.trommelwirbel.WashingMachine - Machine 3 finished washing for customer K32 (remaining loads: 1)
2025-06-27 23:45:54.443 [pool-1-thread-4] INFO  com.trommelwirbel.WashingSalon - Customer K32 completed all 5 loads
2025-06-27 23:45:54.443 [pool-1-thread-4] INFO  com.trommelwirbel.WashingMachine - Machine 3 started washing for customer K36 (load 1/2)
2025-06-27 23:45:55.413 [pool-1-thread-2] INFO  com.trommelwirbel.WashingMachine - Machine 1 finished washing for customer K33 (remaining loads: 2)
2025-06-27 23:45:56.417 [pool-1-thread-2] INFO  com.trommelwirbel.WashingMachine - Machine 1 started washing for customer K33 (load 5/5)
2025-06-27 23:45:56.425 [pool-1-thread-3] INFO  com.trommelwirbel.WashingMachine - Machine 2 finished washing for customer K35 (remaining loads: 5)
2025-06-27 23:45:57.429 [pool-1-thread-3] INFO  com.trommelwirbel.WashingMachine - Machine 2 started washing for customer K35 (load 2/5)
2025-06-27 23:46:03.421 [pool-1-thread-2] INFO  com.trommelwirbel.WashingMachine - Machine 1 finished washing for customer K33 (remaining loads: 1)
2025-06-27 23:46:04.422 [pool-1-thread-2] INFO  com.trommelwirbel.WashingSalon - Customer K33 completed all 5 loads
2025-06-27 23:46:04.422 [pool-1-thread-2] INFO  com.trommelwirbel.WashingMachine - Machine 1 started washing for customer K37 (load 1/2)
2025-06-27 23:46:08.433 [pool-1-thread-3] INFO  com.trommelwirbel.WashingMachine - Machine 2 finished washing for customer K35 (remaining loads: 4)
2025-06-27 23:46:09.438 [pool-1-thread-3] INFO  com.trommelwirbel.WashingMachine - Machine 2 started washing for customer K35 (load 3/5)
2025-06-27 23:46:09.444 [pool-1-thread-4] INFO  com.trommelwirbel.WashingMachine - Machine 3 finished washing for customer K36 (remaining loads: 2)
2025-06-27 23:46:10.448 [pool-1-thread-4] INFO  com.trommelwirbel.WashingMachine - Machine 3 started washing for customer K36 (load 2/2)
2025-06-27 23:46:17.453 [pool-1-thread-4] INFO  com.trommelwirbel.WashingMachine - Machine 3 finished washing for customer K36 (remaining loads: 1)
2025-06-27 23:46:18.424 [pool-1-thread-2] INFO  com.trommelwirbel.WashingMachine - Machine 1 finished washing for customer K37 (remaining loads: 2)
2025-06-27 23:46:18.443 [pool-1-thread-3] INFO  com.trommelwirbel.WashingMachine - Machine 2 finished washing for customer K35 (remaining loads: 3)
2025-06-27 23:46:18.454 [pool-1-thread-4] INFO  com.trommelwirbel.WashingSalon - Customer K36 completed all 2 loads
2025-06-27 23:46:18.455 [pool-1-thread-4] INFO  com.trommelwirbel.WashingMachine - Machine 3 started washing for customer K38 (load 1/4)
2025-06-27 23:46:19.429 [pool-1-thread-2] INFO  com.trommelwirbel.WashingMachine - Machine 1 started washing for customer K37 (load 2/2)
2025-06-27 23:46:19.449 [pool-1-thread-3] INFO  com.trommelwirbel.WashingMachine - Machine 2 started washing for customer K35 (load 4/5)
2025-06-27 23:46:27.452 [pool-1-thread-3] INFO  com.trommelwirbel.WashingMachine - Machine 2 finished washing for customer K35 (remaining loads: 2)
2025-06-27 23:46:28.455 [pool-1-thread-3] INFO  com.trommelwirbel.WashingMachine - Machine 2 started washing for customer K35 (load 5/5)
2025-06-27 23:46:28.460 [pool-1-thread-4] INFO  com.trommelwirbel.WashingMachine - Machine 3 finished washing for customer K38 (remaining loads: 4)
2025-06-27 23:46:29.465 [pool-1-thread-4] INFO  com.trommelwirbel.WashingMachine - Machine 3 started washing for customer K38 (load 2/4)
2025-06-27 23:46:32.434 [pool-1-thread-2] INFO  com.trommelwirbel.WashingMachine - Machine 1 finished washing for customer K37 (remaining loads: 1)
2025-06-27 23:46:33.439 [pool-1-thread-2] INFO  com.trommelwirbel.WashingSalon - Customer K37 completed all 2 loads
2025-06-27 23:46:33.440 [pool-1-thread-2] INFO  com.trommelwirbel.WashingMachine - Machine 1 started washing for customer K39 (load 1/4)
2025-06-27 23:46:37.460 [pool-1-thread-3] INFO  com.trommelwirbel.WashingMachine - Machine 2 finished washing for customer K35 (remaining loads: 1)
2025-06-27 23:46:37.470 [pool-1-thread-4] INFO  com.trommelwirbel.WashingMachine - Machine 3 finished washing for customer K38 (remaining loads: 3)
2025-06-27 23:46:38.464 [pool-1-thread-3] INFO  com.trommelwirbel.WashingSalon - Customer K35 completed all 5 loads
2025-06-27 23:46:38.464 [pool-1-thread-3] INFO  com.trommelwirbel.WashingMachine - Machine 2 started washing for customer K40 (load 1/4)
2025-06-27 23:46:38.475 [pool-1-thread-4] INFO  com.trommelwirbel.WashingMachine - Machine 3 started washing for customer K38 (load 3/4)
2025-06-27 23:46:40.443 [pool-1-thread-2] INFO  com.trommelwirbel.WashingMachine - Machine 1 finished washing for customer K39 (remaining loads: 4)
2025-06-27 23:46:41.447 [pool-1-thread-2] INFO  com.trommelwirbel.WashingMachine - Machine 1 started washing for customer K39 (load 2/4)22025-06-27 23:46:47.453 [pool-1-thread-2] INFO  com.trommelwirbel.WashingMachine - Machine 1 finished washing for customer K39 (remaining loads: 3)
2025-06-27 23:46:48.458 [pool-1-thread-2] INFO  com.trommelwirbel.WashingMachine - Machine 1 started washing for customer K39 (load 3/4)
2025-06-27 23:46:48.469 [pool-1-thread-3] INFO  com.trommelwirbel.WashingMachine - Machine 2 finished washing for customer K40 (remaining loads: 4)
2025-06-27 23:46:49.473 [pool-1-thread-3] INFO  com.trommelwirbel.WashingMachine - Machine 2 started washing for customer K40 (load 2/4)
2025-06-27 23:46:49.481 [pool-1-thread-4] INFO  com.trommelwirbel.WashingMachine - Machine 3 finished washing for customer K38 (remaining loads: 2)
2025-06-27 23:46:50.486 [pool-1-thread-4] INFO  com.trommelwirbel.WashingMachine - Machine 3 started washing for customer K38 (load 4/4)
2025-06-27 23:46:53.464 [pool-1-thread-2] INFO  com.trommelwirbel.WashingMachine - Machine 1 finished washing for customer K39 (remaining loads: 2)
2025-06-27 23:46:54.467 [pool-1-thread-2] INFO  com.trommelwirbel.WashingMachine - Machine 1 started washing for customer K39 (load 4/4)
2025-06-27 23:46:55.491 [pool-1-thread-4] INFO  com.trommelwirbel.WashingMachine - Machine 3 finished washing for customer K38 (remaining loads: 1)
2025-06-27 23:46:56.496 [pool-1-thread-4] INFO  com.trommelwirbel.WashingSalon - Customer K38 completed all 4 loads
2025-06-27 23:46:57.477 [pool-1-thread-3] INFO  com.trommelwirbel.WashingMachine - Machine 2 finished washing for customer K40 (remaining loads: 3)
2025-06-27 23:46:58.483 [pool-1-thread-3] INFO  com.trommelwirbel.WashingMachine - Machine 2 started washing for customer K40 (load 3/4)
2025-06-27 23:47:05.472 [pool-1-thread-2] INFO  com.trommelwirbel.WashingMachine - Machine 1 finished washing for customer K39 (remaining loads: 1)
2025-06-27 23:47:06.473 [pool-1-thread-2] INFO  com.trommelwirbel.WashingSalon - Customer K39 completed all 4 loads
2025-06-27 23:47:11.483 [pool-1-thread-3] INFO  com.trommelwirbel.WashingMachine - Machine 2 finished washing for customer K40 (remaining loads: 2)
2025-06-27 23:47:12.489 [pool-1-thread-3] INFO  com.trommelwirbel.WashingMachine - Machine 2 started washing for customer K40 (load 4/4)
2025-06-27 23:47:22.491 [pool-1-thread-3] INFO  com.trommelwirbel.WashingMachine - Machine 2 finished washing for customer K40 (remaining loads: 1)
2025-06-27 23:47:23.496 [pool-1-thread-3] INFO  com.trommelwirbel.WashingSalon - Customer K40 completed all 4 loads
2025-06-27 23:47:23.501 [pool-1-thread-3] INFO  com.trommelwirbel.WashingSalon - Machine 2 finished processing
2025-06-27 23:47:23.533 [pool-1-thread-2] INFO  com.trommelwirbel.WashingSalon - Machine 1 finished processing
2025-06-27 23:47:23.606 [pool-1-thread-4] INFO  com.trommelwirbel.WashingSalon - Machine 3 finished processing
2025-06-27 23:47:24.349 [main] INFO  com.trommelwirbel.WashingSalon - Finished testing with CachedThreadPool
2025-06-27 23:47:24.350 [main] INFO  com.trommelwirbel.App - Simulation completed successfully!
h CachedThreadPool
2025-06-27 23:47:16.528 [main] INFO  com.trommelwirbel.App - Simulation completed successfully!
